15-May-2025 18:28:14.885 INFO [main] org.apache.catalina.core.ApplicationContext.log ContextListener: contextInitialized()
15-May-2025 18:28:14.885 INFO [main] org.apache.catalina.core.ApplicationContext.log SessionListener: contextInitialized()
15-May-2025 18:28:14.899 INFO [main] org.apache.catalina.core.ApplicationContext.log ContextListener: attributeAdded('StockTicker', 'async.Stockticker@63cf578f')
15-May-2025 18:28:15.377 INFO [main] org.apache.catalina.core.ApplicationContext.log SessionListener: contextDestroyed()
15-May-2025 18:28:15.377 INFO [main] org.apache.catalina.core.ApplicationContext.log ContextListener: contextDestroyed()
15-May-2025 18:46:52.256 INFO [main] org.apache.catalina.core.ApplicationContext.log ContextListener: contextInitialized()
15-May-2025 18:46:52.256 INFO [main] org.apache.catalina.core.ApplicationContext.log SessionListener: contextInitialized()
15-May-2025 18:46:52.265 INFO [main] org.apache.catalina.core.ApplicationContext.log ContextListener: attributeAdded('StockTicker', 'async.Stockticker@601d295')
15-May-2025 18:50:47.611 INFO [main] org.apache.catalina.core.ApplicationContext.log ContextListener: contextInitialized()
15-May-2025 18:50:47.611 INFO [main] org.apache.catalina.core.ApplicationContext.log SessionListener: contextInitialized()
15-May-2025 18:50:47.628 INFO [main] org.apache.catalina.core.ApplicationContext.log ContextListener: attributeAdded('StockTicker', 'async.Stockticker@1cc708a7')
15-May-2025 18:56:23.648 SEVERE [http-nio-8080-exec-6] org.apache.catalina.core.StandardWrapperValve.invoke Servlet.service() for servlet [GmailApiServlet] in context with path [/mygmail] threw exception
	com.google.api.client.googleapis.json.GoogleJsonResponseException: 403 Forbidden
GET https://gmail.googleapis.com/gmail/v1/users/me/messages?labelIds=INBOX&maxResults=20
{
  "code" : 403,
  "details" : [ {
    "@type" : "type.googleapis.com/google.rpc.ErrorInfo",
    "reason" : "SERVICE_DISABLED",
    "domain" : "googleapis.com",
    "metadata" : {
      "consumer" : "projects/692494098174",
      "service" : "gmail.googleapis.com",
      "activationUrl" : "https://console.developers.google.com/apis/api/gmail.googleapis.com/overview?project=692494098174",
      "serviceTitle" : "Gmail API",
      "containerInfo" : "692494098174"
    }
  }, {
    "@type" : "type.googleapis.com/google.rpc.LocalizedMessage",
    "locale" : "en-US",
    "message" : "Gmail API has not been used in project 692494098174 before or it is disabled. Enable it by visiting https://console.developers.google.com/apis/api/gmail.googleapis.com/overview?project=692494098174 then retry. If you enabled this API recently, wait a few minutes for the action to propagate to our systems and retry."
  }, {
    "@type" : "type.googleapis.com/google.rpc.Help",
    "links" : [ {
      "description" : "Google developers console API activation",
      "url" : "https://console.developers.google.com/apis/api/gmail.googleapis.com/overview?project=692494098174"
    } ]
  } ],
  "errors" : [ {
    "domain" : "usageLimits",
    "message" : "Gmail API has not been used in project 692494098174 before or it is disabled. Enable it by visiting https://console.developers.google.com/apis/api/gmail.googleapis.com/overview?project=692494098174 then retry. If you enabled this API recently, wait a few minutes for the action to propagate to our systems and retry.",
    "reason" : "accessNotConfigured",
    "extendedHelp" : "https://console.developers.google.com"
  } ],
  "message" : "Gmail API has not been used in project 692494098174 before or it is disabled. Enable it by visiting https://console.developers.google.com/apis/api/gmail.googleapis.com/overview?project=692494098174 then retry. If you enabled this API recently, wait a few minutes for the action to propagate to our systems and retry.",
  "status" : "PERMISSION_DENIED"
}
		at com.google.api.client.googleapis.json.GoogleJsonResponseException.from(GoogleJsonResponseException.java:145)
		at com.google.api.client.googleapis.services.json.AbstractGoogleJsonClientRequest.newExceptionOnError(AbstractGoogleJsonClientRequest.java:118)
		at com.google.api.client.googleapis.services.json.AbstractGoogleJsonClientRequest.newExceptionOnError(AbstractGoogleJsonClientRequest.java:37)
		at com.google.api.client.googleapis.services.AbstractGoogleClientRequest$3.interceptResponse(AbstractGoogleClientRequest.java:479)
		at com.google.api.client.http.HttpRequest.execute(HttpRequest.java:1111)
		at com.google.api.client.googleapis.services.AbstractGoogleClientRequest.executeUnparsed(AbstractGoogleClientRequest.java:565)
		at com.google.api.client.googleapis.services.AbstractGoogleClientRequest.executeUnparsed(AbstractGoogleClientRequest.java:506)
		at com.google.api.client.googleapis.services.AbstractGoogleClientRequest.execute(AbstractGoogleClientRequest.java:616)
		at com.mygmail.GmailApiServlet.doGet(GmailApiServlet.java:44)
		at javax.servlet.http.HttpServlet.service(HttpServlet.java:529)
		at javax.servlet.http.HttpServlet.service(HttpServlet.java:623)
		at org.apache.catalina.core.ApplicationFilterChain.internalDoFilter(ApplicationFilterChain.java:199)
		at org.apache.catalina.core.ApplicationFilterChain.doFilter(ApplicationFilterChain.java:144)
		at org.apache.tomcat.websocket.server.WsFilter.doFilter(WsFilter.java:51)
		at org.apache.catalina.core.ApplicationFilterChain.internalDoFilter(ApplicationFilterChain.java:168)
		at org.apache.catalina.core.ApplicationFilterChain.doFilter(ApplicationFilterChain.java:144)
		at org.apache.catalina.core.StandardWrapperValve.invoke(StandardWrapperValve.java:168)
		at org.apache.catalina.core.StandardContextValve.invoke(StandardContextValve.java:90)
		at org.apache.catalina.authenticator.AuthenticatorBase.invoke(AuthenticatorBase.java:482)
		at org.apache.catalina.core.StandardHostValve.invoke(StandardHostValve.java:130)
		at org.apache.catalina.valves.ErrorReportValve.invoke(ErrorReportValve.java:93)
		at org.apache.catalina.valves.AbstractAccessLogValve.invoke(AbstractAccessLogValve.java:656)
		at org.apache.catalina.core.StandardEngineValve.invoke(StandardEngineValve.java:74)
		at org.apache.catalina.connector.CoyoteAdapter.service(CoyoteAdapter.java:346)
		at org.apache.coyote.http11.Http11Processor.service(Http11Processor.java:397)
		at org.apache.coyote.AbstractProcessorLight.process(AbstractProcessorLight.java:63)
		at org.apache.coyote.AbstractProtocol$ConnectionHandler.process(AbstractProtocol.java:935)
		at org.apache.tomcat.util.net.NioEndpoint$SocketProcessor.doRun(NioEndpoint.java:1792)
		at org.apache.tomcat.util.net.SocketProcessorBase.run(SocketProcessorBase.java:52)
		at org.apache.tomcat.util.threads.ThreadPoolExecutor.runWorker(ThreadPoolExecutor.java:1189)
		at org.apache.tomcat.util.threads.ThreadPoolExecutor$Worker.run(ThreadPoolExecutor.java:658)
		at org.apache.tomcat.util.threads.TaskThread$WrappingRunnable.run(TaskThread.java:63)
		at java.base/java.lang.Thread.run(Thread.java:1583)
15-May-2025 18:59:51.696 SEVERE [http-nio-8080-exec-10] org.apache.catalina.core.StandardWrapperValve.invoke Servlet.service() for servlet [GmailApiServlet] in context with path [/mygmail] threw exception
	com.google.api.client.googleapis.json.GoogleJsonResponseException: 403 Forbidden
GET https://gmail.googleapis.com/gmail/v1/users/me/messages?labelIds=INBOX&maxResults=20
{
  "code" : 403,
  "details" : [ {
    "@type" : "type.googleapis.com/google.rpc.ErrorInfo",
    "reason" : "SERVICE_DISABLED",
    "domain" : "googleapis.com",
    "metadata" : {
      "activationUrl" : "https://console.developers.google.com/apis/api/gmail.googleapis.com/overview?project=692494098174",
      "serviceTitle" : "Gmail API",
      "consumer" : "projects/692494098174",
      "service" : "gmail.googleapis.com",
      "containerInfo" : "692494098174"
    }
  }, {
    "@type" : "type.googleapis.com/google.rpc.LocalizedMessage",
    "locale" : "en-US",
    "message" : "Gmail API has not been used in project 692494098174 before or it is disabled. Enable it by visiting https://console.developers.google.com/apis/api/gmail.googleapis.com/overview?project=692494098174 then retry. If you enabled this API recently, wait a few minutes for the action to propagate to our systems and retry."
  }, {
    "@type" : "type.googleapis.com/google.rpc.Help",
    "links" : [ {
      "description" : "Google developers console API activation",
      "url" : "https://console.developers.google.com/apis/api/gmail.googleapis.com/overview?project=692494098174"
    } ]
  } ],
  "errors" : [ {
    "domain" : "usageLimits",
    "message" : "Gmail API has not been used in project 692494098174 before or it is disabled. Enable it by visiting https://console.developers.google.com/apis/api/gmail.googleapis.com/overview?project=692494098174 then retry. If you enabled this API recently, wait a few minutes for the action to propagate to our systems and retry.",
    "reason" : "accessNotConfigured",
    "extendedHelp" : "https://console.developers.google.com"
  } ],
  "message" : "Gmail API has not been used in project 692494098174 before or it is disabled. Enable it by visiting https://console.developers.google.com/apis/api/gmail.googleapis.com/overview?project=692494098174 then retry. If you enabled this API recently, wait a few minutes for the action to propagate to our systems and retry.",
  "status" : "PERMISSION_DENIED"
}
		at com.google.api.client.googleapis.json.GoogleJsonResponseException.from(GoogleJsonResponseException.java:145)
		at com.google.api.client.googleapis.services.json.AbstractGoogleJsonClientRequest.newExceptionOnError(AbstractGoogleJsonClientRequest.java:118)
		at com.google.api.client.googleapis.services.json.AbstractGoogleJsonClientRequest.newExceptionOnError(AbstractGoogleJsonClientRequest.java:37)
		at com.google.api.client.googleapis.services.AbstractGoogleClientRequest$3.interceptResponse(AbstractGoogleClientRequest.java:479)
		at com.google.api.client.http.HttpRequest.execute(HttpRequest.java:1111)
		at com.google.api.client.googleapis.services.AbstractGoogleClientRequest.executeUnparsed(AbstractGoogleClientRequest.java:565)
		at com.google.api.client.googleapis.services.AbstractGoogleClientRequest.executeUnparsed(AbstractGoogleClientRequest.java:506)
		at com.google.api.client.googleapis.services.AbstractGoogleClientRequest.execute(AbstractGoogleClientRequest.java:616)
		at com.mygmail.GmailApiServlet.doGet(GmailApiServlet.java:44)
		at javax.servlet.http.HttpServlet.service(HttpServlet.java:529)
		at javax.servlet.http.HttpServlet.service(HttpServlet.java:623)
		at org.apache.catalina.core.ApplicationFilterChain.internalDoFilter(ApplicationFilterChain.java:199)
		at org.apache.catalina.core.ApplicationFilterChain.doFilter(ApplicationFilterChain.java:144)
		at org.apache.tomcat.websocket.server.WsFilter.doFilter(WsFilter.java:51)
		at org.apache.catalina.core.ApplicationFilterChain.internalDoFilter(ApplicationFilterChain.java:168)
		at org.apache.catalina.core.ApplicationFilterChain.doFilter(ApplicationFilterChain.java:144)
		at org.apache.catalina.core.StandardWrapperValve.invoke(StandardWrapperValve.java:168)
		at org.apache.catalina.core.StandardContextValve.invoke(StandardContextValve.java:90)
		at org.apache.catalina.authenticator.AuthenticatorBase.invoke(AuthenticatorBase.java:482)
		at org.apache.catalina.core.StandardHostValve.invoke(StandardHostValve.java:130)
		at org.apache.catalina.valves.ErrorReportValve.invoke(ErrorReportValve.java:93)
		at org.apache.catalina.valves.AbstractAccessLogValve.invoke(AbstractAccessLogValve.java:656)
		at org.apache.catalina.core.StandardEngineValve.invoke(StandardEngineValve.java:74)
		at org.apache.catalina.connector.CoyoteAdapter.service(CoyoteAdapter.java:346)
		at org.apache.coyote.http11.Http11Processor.service(Http11Processor.java:397)
		at org.apache.coyote.AbstractProcessorLight.process(AbstractProcessorLight.java:63)
		at org.apache.coyote.AbstractProtocol$ConnectionHandler.process(AbstractProtocol.java:935)
		at org.apache.tomcat.util.net.NioEndpoint$SocketProcessor.doRun(NioEndpoint.java:1792)
		at org.apache.tomcat.util.net.SocketProcessorBase.run(SocketProcessorBase.java:52)
		at org.apache.tomcat.util.threads.ThreadPoolExecutor.runWorker(ThreadPoolExecutor.java:1189)
		at org.apache.tomcat.util.threads.ThreadPoolExecutor$Worker.run(ThreadPoolExecutor.java:658)
		at org.apache.tomcat.util.threads.TaskThread$WrappingRunnable.run(TaskThread.java:63)
		at java.base/java.lang.Thread.run(Thread.java:1583)
15-May-2025 19:51:17.546 INFO [main] org.apache.catalina.core.ApplicationContext.log ContextListener: contextInitialized()
15-May-2025 19:51:17.546 INFO [main] org.apache.catalina.core.ApplicationContext.log SessionListener: contextInitialized()
15-May-2025 19:51:17.555 INFO [main] org.apache.catalina.core.ApplicationContext.log ContextListener: attributeAdded('StockTicker', 'async.Stockticker@52b32b70')
15-May-2025 19:51:45.222 SEVERE [http-nio-8080-exec-5] org.apache.catalina.core.StandardWrapperValve.invoke Servlet.service() for servlet [CallbackServlet] in context with path [/mygmail] threw exception
	java.net.SocketTimeoutException: Connect timed out
		at java.base/sun.nio.ch.NioSocketImpl.timedFinishConnect(NioSocketImpl.java:546)
		at java.base/sun.nio.ch.NioSocketImpl.connect(NioSocketImpl.java:592)
		at java.base/java.net.SocksSocketImpl.connect(SocksSocketImpl.java:327)
		at java.base/java.net.Socket.connect(Socket.java:751)
		at java.base/sun.security.ssl.SSLSocketImpl.connect(SSLSocketImpl.java:304)
		at java.base/sun.net.NetworkClient.doConnect(NetworkClient.java:178)
		at java.base/sun.net.www.http.HttpClient.openServer(HttpClient.java:531)
		at java.base/sun.net.www.http.HttpClient.openServer(HttpClient.java:636)
		at java.base/sun.net.www.protocol.https.HttpsClient.<init>(HttpsClient.java:264)
		at java.base/sun.net.www.protocol.https.HttpsClient.New(HttpsClient.java:377)
		at java.base/sun.net.www.protocol.https.AbstractDelegateHttpsURLConnection.getNewHttpClient(AbstractDelegateHttpsURLConnection.java:193)
		at java.base/sun.net.www.protocol.http.HttpURLConnection.plainConnect0(HttpURLConnection.java:1237)
		at java.base/sun.net.www.protocol.http.HttpURLConnection.plainConnect(HttpURLConnection.java:1123)
		at java.base/sun.net.www.protocol.https.AbstractDelegateHttpsURLConnection.connect(AbstractDelegateHttpsURLConnection.java:179)
		at java.base/sun.net.www.protocol.http.HttpURLConnection.getOutputStream0(HttpURLConnection.java:1446)
		at java.base/sun.net.www.protocol.http.HttpURLConnection.getOutputStream(HttpURLConnection.java:1417)
		at java.base/sun.net.www.protocol.https.HttpsURLConnectionImpl.getOutputStream(HttpsURLConnectionImpl.java:219)
		at com.google.api.client.http.javanet.NetHttpRequest.execute(NetHttpRequest.java:113)
		at com.google.api.client.http.javanet.NetHttpRequest.execute(NetHttpRequest.java:84)
		at com.google.api.client.http.HttpRequest.execute(HttpRequest.java:1012)
		at com.google.api.client.auth.oauth2.TokenRequest.executeUnparsed(TokenRequest.java:304)
		at com.google.api.client.googleapis.auth.oauth2.GoogleAuthorizationCodeTokenRequest.execute(GoogleAuthorizationCodeTokenRequest.java:166)
		at com.mygmail.CallbackServlet.doGet(CallbackServlet.java:35)
		at javax.servlet.http.HttpServlet.service(HttpServlet.java:529)
		at javax.servlet.http.HttpServlet.service(HttpServlet.java:623)
		at org.apache.catalina.core.ApplicationFilterChain.internalDoFilter(ApplicationFilterChain.java:199)
		at org.apache.catalina.core.ApplicationFilterChain.doFilter(ApplicationFilterChain.java:144)
		at org.apache.tomcat.websocket.server.WsFilter.doFilter(WsFilter.java:51)
		at org.apache.catalina.core.ApplicationFilterChain.internalDoFilter(ApplicationFilterChain.java:168)
		at org.apache.catalina.core.ApplicationFilterChain.doFilter(ApplicationFilterChain.java:144)
		at org.apache.catalina.core.StandardWrapperValve.invoke(StandardWrapperValve.java:168)
		at org.apache.catalina.core.StandardContextValve.invoke(StandardContextValve.java:90)
		at org.apache.catalina.authenticator.AuthenticatorBase.invoke(AuthenticatorBase.java:482)
		at org.apache.catalina.core.StandardHostValve.invoke(StandardHostValve.java:130)
		at org.apache.catalina.valves.ErrorReportValve.invoke(ErrorReportValve.java:93)
		at org.apache.catalina.valves.AbstractAccessLogValve.invoke(AbstractAccessLogValve.java:656)
		at org.apache.catalina.core.StandardEngineValve.invoke(StandardEngineValve.java:74)
		at org.apache.catalina.connector.CoyoteAdapter.service(CoyoteAdapter.java:346)
		at org.apache.coyote.http11.Http11Processor.service(Http11Processor.java:397)
		at org.apache.coyote.AbstractProcessorLight.process(AbstractProcessorLight.java:63)
		at org.apache.coyote.AbstractProtocol$ConnectionHandler.process(AbstractProtocol.java:935)
		at org.apache.tomcat.util.net.NioEndpoint$SocketProcessor.doRun(NioEndpoint.java:1792)
		at org.apache.tomcat.util.net.SocketProcessorBase.run(SocketProcessorBase.java:52)
		at org.apache.tomcat.util.threads.ThreadPoolExecutor.runWorker(ThreadPoolExecutor.java:1189)
		at org.apache.tomcat.util.threads.ThreadPoolExecutor$Worker.run(ThreadPoolExecutor.java:658)
		at org.apache.tomcat.util.threads.TaskThread$WrappingRunnable.run(TaskThread.java:63)
		at java.base/java.lang.Thread.run(Thread.java:1583)
15-May-2025 19:55:53.492 INFO [main] org.apache.catalina.core.ApplicationContext.log ContextListener: contextInitialized()
15-May-2025 19:55:53.492 INFO [main] org.apache.catalina.core.ApplicationContext.log SessionListener: contextInitialized()
15-May-2025 19:55:53.501 INFO [main] org.apache.catalina.core.ApplicationContext.log ContextListener: attributeAdded('StockTicker', 'async.Stockticker@28dd81ad')
15-May-2025 20:04:30.266 INFO [main] org.apache.catalina.core.ApplicationContext.log ContextListener: contextInitialized()
15-May-2025 20:04:30.266 INFO [main] org.apache.catalina.core.ApplicationContext.log SessionListener: contextInitialized()
15-May-2025 20:04:30.272 INFO [main] org.apache.catalina.core.ApplicationContext.log ContextListener: attributeAdded('StockTicker', 'async.Stockticker@24f360b2')
15-May-2025 20:08:39.399 INFO [main] org.apache.catalina.core.ApplicationContext.log ContextListener: contextInitialized()
15-May-2025 20:08:39.399 INFO [main] org.apache.catalina.core.ApplicationContext.log SessionListener: contextInitialized()
15-May-2025 20:08:39.403 INFO [main] org.apache.catalina.core.ApplicationContext.log ContextListener: attributeAdded('StockTicker', 'async.Stockticker@66715ca9')
